--------------------
./configure
2013年  2月 27日 水曜日 21:02:10 JST

=== ztest22979.c ===
extern int getchar();
int hello() {return getchar();}
===
gcc -c -g -march=athlon64 -mtune=generic -march=athlon64 -msse2 -fpermissive -fPIC -O3 ztest22979.c
cc1: warning: command line option '-fpermissive' is valid for C++/ObjC++ but not for C [enabled by default]
... using gcc

Checking for shared library support...
=== ztest22979.c ===
extern int getchar();
int hello() {return getchar();}
===
gcc -w -c -g -march=athlon64 -mtune=generic -march=athlon64 -msse2 -fpermissive -fPIC -O3 -fPIC ztest22979.c
gcc -shared -Wl,-soname,libz.so.1,--version-script,zlib.map -g -march=athlon64 -mtune=generic -march=athlon64 -msse2 -fpermissive -fPIC -O3 -fPIC -o ztest22979.so ztest22979.o
Building shared library libz.so.1.2.7 with gcc.


=== ztest22979.c ===
#include <sys/types.h>
off64_t dummy = 0;
===
gcc -c -g -march=athlon64 -mtune=generic -march=athlon64 -msse2 -fpermissive -fPIC -O3 -D_LARGEFILE64_SOURCE=1 ztest22979.c
cc1: warning: command line option '-fpermissive' is valid for C++/ObjC++ but not for C [enabled by default]
Checking for off64_t... Yes.
Checking for fseeko... Yes.

=== ztest22979.c ===
#include <string.h>
#include <errno.h>
int main() { return strlen(strerror(errno)); }
===
gcc -g -march=athlon64 -mtune=generic -march=athlon64 -msse2 -fpermissive -fPIC -O3 -D_LARGEFILE64_SOURCE=1 -o ztest22979 ztest22979.c
cc1: warning: command line option '-fpermissive' is valid for C++/ObjC++ but not for C [enabled by default]
Checking for strerror... Yes.

=== ztest22979.c ===
#include <unistd.h>
int main() { return 0; }
===
gcc -c -g -march=athlon64 -mtune=generic -march=athlon64 -msse2 -fpermissive -fPIC -O3 -D_LARGEFILE64_SOURCE=1 ztest22979.c
cc1: warning: command line option '-fpermissive' is valid for C++/ObjC++ but not for C [enabled by default]
Checking for unistd.h... Yes.

=== ztest22979.c ===
#include <stdarg.h>
int main() { return 0; }
===
gcc -c -g -march=athlon64 -mtune=generic -march=athlon64 -msse2 -fpermissive -fPIC -O3 -D_LARGEFILE64_SOURCE=1 ztest22979.c
cc1: warning: command line option '-fpermissive' is valid for C++/ObjC++ but not for C [enabled by default]
Checking for stdarg.h... Yes.

=== ztest22979.c ===
#include <stdio.h>
#include <stdarg.h>
#include "zconf.h"
int main()
{
#ifndef STDC
  choke me
#endif
  return 0;
}
===
gcc -c -g -march=athlon64 -mtune=generic -march=athlon64 -msse2 -fpermissive -fPIC -O3 -D_LARGEFILE64_SOURCE=1 ztest22979.c
cc1: warning: command line option '-fpermissive' is valid for C++/ObjC++ but not for C [enabled by default]
Checking whether to use vs[n]printf() or s[n]printf()... using vs[n]printf().

=== ztest22979.c ===
#include <stdio.h>
#include <stdarg.h>
int mytest(const char *fmt, ...)
{
  char buf[20];
  va_list ap;
  va_start(ap, fmt);
  vsnprintf(buf, sizeof(buf), fmt, ap);
  va_end(ap);
  return 0;
}
int main()
{
  return (mytest("Hello%d\n", 1));
}
===
gcc -g -march=athlon64 -mtune=generic -march=athlon64 -msse2 -fpermissive -fPIC -O3 -D_LARGEFILE64_SOURCE=1 -o ztest22979 ztest22979.c
cc1: warning: command line option '-fpermissive' is valid for C++/ObjC++ but not for C [enabled by default]
Checking for vsnprintf() in stdio.h... Yes.

=== ztest22979.c ===
#include <stdio.h>
#include <stdarg.h>
int mytest(const char *fmt, ...)
{
  int n;
  char buf[20];
  va_list ap;
  va_start(ap, fmt);
  n = vsnprintf(buf, sizeof(buf), fmt, ap);
  va_end(ap);
  return n;
}
int main()
{
  return (mytest("Hello%d\n", 1));
}
===
gcc -c -g -march=athlon64 -mtune=generic -march=athlon64 -msse2 -fpermissive -fPIC -O3 -D_LARGEFILE64_SOURCE=1 ztest22979.c
cc1: warning: command line option '-fpermissive' is valid for C++/ObjC++ but not for C [enabled by default]
Checking for return value of vsnprintf()... Yes.

=== ztest22979.c ===
#define ZLIB_INTERNAL __attribute__((visibility ("hidden")))
int ZLIB_INTERNAL foo;
int main()
{
  return 0;
}
===
gcc -c -g -march=athlon64 -mtune=generic -march=athlon64 -msse2 -fpermissive -fPIC -O3 -D_LARGEFILE64_SOURCE=1 ztest22979.c
cc1: warning: command line option '-fpermissive' is valid for C++/ObjC++ but not for C [enabled by default]Checking for attribute(visibility) support... No.

=== ztest22979.c ===
#include <stdio.h>
#define is32(n,t) for(n=1,k=0;n;n<<=1,k++);if(k==32){puts(t);return 0;}
int main() {
    int k;
    unsigned i;
    unsigned long l;
    unsigned short s;
    is32(i, "unsigned")
    is32(l, "unsigned long")
    is32(s, "unsigned short")
    return 1;
}
===
gcc -g -march=athlon64 -mtune=generic -march=athlon64 -msse2 -fpermissive -fPIC -O3 -D_LARGEFILE64_SOURCE=1 ztest22979.c -o ztest22979
cc1: warning: command line option '-fpermissive' is valid for C++/ObjC++ but not for C [enabled by default]
Looking for a four-byte integer type... Found.

ALL = static shared all64
AR = ar
ARFLAGS = rc
CC = gcc
CFLAGS = -g -march=athlon64 -mtune=generic -march=athlon64 -msse2 -fpermissive -fPIC -O3 -D_LARGEFILE64_SOURCE=1
CPP = gcc -E
EXE =
LDCONFIG = ldconfig
LDFLAGS =
LDSHARED = gcc -shared -Wl,-soname,libz.so.1,--version-script,zlib.map
LDSHAREDLIBC = -lc
OBJC = $(OBJZ) $(OBJG)
PIC_OBJC = $(PIC_OBJZ) $(PIC_OBJG)
RANLIB = ranlib
SFLAGS = -g -march=athlon64 -mtune=generic -march=athlon64 -msse2 -fpermissive -fPIC -O3 -fPIC -D_LARGEFILE64_SOURCE=1
SHAREDLIB = libz.so
SHAREDLIBM = libz.so.1
SHAREDLIBV = libz.so.1.2.7
STATICLIB = libz.a
TEST = all teststatic testshared test64
VER = 1.2.7
Z_U4 = unsigned
exec_prefix = ${prefix}
includedir = ${prefix}/include
libdir = ${exec_prefix}/lib
mandir = ${prefix}/share/man
prefix = /usr/local
sharedlibdir = ${libdir}
uname = Linux
--------------------


